2019-04-12 10:46:51 INFO  (LoggingInitialization) Using log config file: jar:file:/Users/aaronsedlacek/Desktop/ghidra_9.0.2/Ghidra/Framework/Generic/lib/Generic.jar!/generic.log4j.xml  
2019-04-12 10:46:51 INFO  (LoggingInitialization) Using log file: /Users/aaronsedlacek/.ghidra/.ghidra-9.0.2/application.log  
2019-04-12 10:46:51 INFO  (Preferences) Loading user preferences: /Users/aaronsedlacek/.ghidra/.ghidra-9.0.2/preferences  
2019-04-12 10:46:55 INFO  (ClassSearcher) Class search complete (945 ms)  
2019-04-12 10:46:55 INFO  (SSLContextInitializer) Initializing SSL Context  
2019-04-12 10:46:55 INFO  (SecureRandomFactory) Initializing Random Number Generator...  
2019-04-12 10:46:55 INFO  (SecureRandomFactory) Random Number Generator initialization complete: NativePRNGNonBlocking  
2019-04-12 10:46:55 INFO  (ApplicationTrustManagerFactory) Trust manager disabled, cacerts have not been set  
2019-04-12 10:46:56 INFO  (GhidraRun) User aaronsedlacek started Ghidra.  
2019-04-12 10:46:56 DEBUG (DefaultProjectManager) No tools found; Installing default tools  
2019-04-12 10:46:56 DEBUG (RecoverySnapshotMgrPlugin) Recovery snapshot timer set to 5 minute(s)  
2019-04-12 15:11:15 INFO  (LoggingInitialization) Using log config file: jar:file:/Users/aaronsedlacek/Desktop/ghidra_9.0.2/Ghidra/Framework/Generic/lib/Generic.jar!/generic.log4j.xml  
2019-04-12 15:11:15 INFO  (LoggingInitialization) Using log file: /Users/aaronsedlacek/.ghidra/.ghidra-9.0.2/application.log  
2019-04-12 15:11:15 INFO  (Preferences) Loading user preferences: /Users/aaronsedlacek/.ghidra/.ghidra-9.0.2/preferences  
2019-04-12 15:11:17 INFO  (ClassSearcher) Class search complete (1171 ms)  
2019-04-12 15:11:17 INFO  (SSLContextInitializer) Initializing SSL Context  
2019-04-12 15:11:18 INFO  (SecureRandomFactory) Initializing Random Number Generator...  
2019-04-12 15:11:18 INFO  (SecureRandomFactory) Random Number Generator initialization complete: NativePRNGNonBlocking  
2019-04-12 15:11:18 INFO  (ApplicationTrustManagerFactory) Trust manager disabled, cacerts have not been set  
2019-04-12 15:11:18 INFO  (GhidraRun) User aaronsedlacek started Ghidra.  
2019-04-12 15:11:18 DEBUG (RecoverySnapshotMgrPlugin) Recovery snapshot timer set to 5 minute(s)  
2019-04-12 15:11:28 INFO  (DefaultProject) Creating project: /Users/aaronsedlacek/sadfasdf  
2019-04-12 15:11:40 INFO  (FileCache) Starting cache cleanup: /var/folders/3k/p_mwr49n4s341fzbzmdyjc5h0000gn/T/aaronsedlacek-Ghidra/fscache  
2019-04-12 15:11:40 INFO  (FileCache) Finished cache cleanup, estimated storage used: 0  
2019-04-12 15:11:40 DEBUG (JadProcessWrapper) os/osx64/jad does not exist  
2019-04-12 15:11:40 DEBUG (JadProcessWrapper) Java Decompiler (JAD) not present, some features not available until installed in:  
2019-04-12 15:11:40 DEBUG (JadProcessWrapper)   Ghidra/Features/FileFormats/os/[your_os]/jad[.exe]  
2019-04-12 15:11:40 DEBUG (JadProcessWrapper) and Ghidra is restarted  
2019-04-12 15:11:41 DEBUG (QueryOpinionService) parsing /Users/aaronsedlacek/Desktop/ghidra_9.0.2/Ghidra/Processors/68000/data/languages/68000.opinion  
2019-04-12 15:11:41 DEBUG (QueryOpinionService) parsing /Users/aaronsedlacek/Desktop/ghidra_9.0.2/Ghidra/Processors/AARCH64/data/languages/AARCH64.opinion  
2019-04-12 15:11:41 DEBUG (QueryOpinionService) parsing /Users/aaronsedlacek/Desktop/ghidra_9.0.2/Ghidra/Processors/ARM/data/languages/ARM.opinion  
2019-04-12 15:11:41 DEBUG (QueryOpinionService) parsing /Users/aaronsedlacek/Desktop/ghidra_9.0.2/Ghidra/Processors/Atmel/data/languages/avr8.opinion  
2019-04-12 15:11:41 DEBUG (QueryOpinionService) parsing /Users/aaronsedlacek/Desktop/ghidra_9.0.2/Ghidra/Processors/Atmel/data/languages/avr32.opinion  
2019-04-12 15:11:41 DEBUG (QueryOpinionService) parsing /Users/aaronsedlacek/Desktop/ghidra_9.0.2/Ghidra/Processors/CR16/data/languages/CR16.opinion  
2019-04-12 15:11:41 DEBUG (QueryOpinionService) parsing /Users/aaronsedlacek/Desktop/ghidra_9.0.2/Ghidra/Processors/Dalvik/data/languages/Dalvik.opinion  
2019-04-12 15:11:41 DEBUG (QueryOpinionService) parsing /Users/aaronsedlacek/Desktop/ghidra_9.0.2/Ghidra/Processors/JVM/data/languages/JVM.opinion  
2019-04-12 15:11:41 DEBUG (QueryOpinionService) parsing /Users/aaronsedlacek/Desktop/ghidra_9.0.2/Ghidra/Processors/MIPS/data/languages/MIPS.opinion  
2019-04-12 15:11:41 DEBUG (QueryOpinionService) parsing /Users/aaronsedlacek/Desktop/ghidra_9.0.2/Ghidra/Processors/PA-RISC/data/languages/pa-risc.opinion  
2019-04-12 15:11:41 DEBUG (QueryOpinionService) parsing /Users/aaronsedlacek/Desktop/ghidra_9.0.2/Ghidra/Processors/PIC/data/languages/PIC24.opinion  
2019-04-12 15:11:41 DEBUG (QueryOpinionService) parsing /Users/aaronsedlacek/Desktop/ghidra_9.0.2/Ghidra/Processors/PowerPC/data/languages/PowerPC.opinion  
2019-04-12 15:11:41 DEBUG (QueryOpinionService) parsing /Users/aaronsedlacek/Desktop/ghidra_9.0.2/Ghidra/Processors/Sparc/data/languages/Sparc.opinion  
2019-04-12 15:11:41 DEBUG (QueryOpinionService) parsing /Users/aaronsedlacek/Desktop/ghidra_9.0.2/Ghidra/Processors/TI_MSP430/data/languages/ti_msp430.opinion  
2019-04-12 15:11:41 DEBUG (QueryOpinionService) parsing /Users/aaronsedlacek/Desktop/ghidra_9.0.2/Ghidra/Processors/x86/data/languages/x86.opinion  
2019-04-12 15:11:44 DEBUG (ElfHeader$$EnhancerByCGLIB$$51c320b4) Elf symbol table section .dynsym linked to string table section .dynstr  
2019-04-12 15:11:44 DEBUG (ElfHeader$$EnhancerByCGLIB$$51c320b4) Elf relocation table section .rel.dyn linked to symbol table section .dynsym affecting PT_LOAD  
2019-04-12 15:11:44 DEBUG (ElfHeader$$EnhancerByCGLIB$$51c320b4) Elf relocation table section .rel.plt linked to symbol table section .dynsym affecting .got.plt  
2019-04-12 15:11:44 DEBUG (ElfProgramBuilder) Loading block .data at 0804a038 from file offset 4152  
2019-04-12 15:11:44 DEBUG (ElfProgramBuilder) Loading block .got.plt at 0804a000 from file offset 4096  
2019-04-12 15:11:44 DEBUG (ElfProgramBuilder) Loading block .got at 08049ffc from file offset 4092  
2019-04-12 15:11:44 DEBUG (ElfProgramBuilder) Loading block .dynamic at 08049f14 from file offset 3860  
2019-04-12 15:11:44 DEBUG (ElfProgramBuilder) Loading block .jcr at 08049f10 from file offset 3856  
2019-04-12 15:11:44 DEBUG (ElfProgramBuilder) Loading block .fini_array at 08049f0c from file offset 3852  
2019-04-12 15:11:44 DEBUG (ElfProgramBuilder) Loading block .init_array at 08049f08 from file offset 3848  
2019-04-12 15:11:44 DEBUG (ElfProgramBuilder) Loading block .eh_frame at 08048c7c from file offset 3196  
2019-04-12 15:11:44 DEBUG (ElfProgramBuilder) Loading block .eh_frame_hdr at 08048c28 from file offset 3112  
2019-04-12 15:11:44 DEBUG (ElfProgramBuilder) Loading block .rodata at 08048b28 from file offset 2856  
2019-04-12 15:11:44 DEBUG (ElfProgramBuilder) Loading block .fini at 08048b14 from file offset 2836  
2019-04-12 15:11:44 DEBUG (ElfProgramBuilder) Loading block .text at 08048530 from file offset 1328  
2019-04-12 15:11:44 DEBUG (ElfProgramBuilder) Loading block .plt.got at 08048520 from file offset 1312  
2019-04-12 15:11:44 DEBUG (ElfProgramBuilder) Loading block .plt at 08048460 from file offset 1120  
2019-04-12 15:11:44 DEBUG (ElfProgramBuilder) Loading block .init at 08048438 from file offset 1080  
2019-04-12 15:11:44 DEBUG (ElfProgramBuilder) Loading block .rel.plt at 080483e0 from file offset 992  
2019-04-12 15:11:44 DEBUG (ElfProgramBuilder) Loading block .rel.dyn at 080483c8 from file offset 968  
2019-04-12 15:11:44 DEBUG (ElfProgramBuilder) Loading block .gnu.version_r at 08048398 from file offset 920  
2019-04-12 15:11:44 DEBUG (ElfProgramBuilder) Loading block .gnu.version at 08048376 from file offset 886  
2019-04-12 15:11:44 DEBUG (ElfProgramBuilder) Loading block .dynstr at 080482d8 from file offset 728  
2019-04-12 15:11:44 DEBUG (ElfProgramBuilder) Loading block .dynsym at 080481d8 from file offset 472  
2019-04-12 15:11:44 DEBUG (ElfProgramBuilder) Loading block .gnu.hash at 080481ac from file offset 428  
2019-04-12 15:11:44 DEBUG (ElfProgramBuilder) Loading block .note.gnu.build-id at 08048188 from file offset 392  
2019-04-12 15:11:44 DEBUG (ElfProgramBuilder) Loading block .note.ABI-tag at 08048168 from file offset 360  
2019-04-12 15:11:44 DEBUG (ElfProgramBuilder) Loading block .interp at 08048154 from file offset 340  
2019-04-12 15:11:44 DEBUG (ElfProgramBuilder) Loading block segment_2.1 at 08048000 from file offset 0  
2019-04-12 15:11:44 DEBUG (ElfProgramBuilder) Loading block segment_2.3 at 08048167 from file offset 359  
2019-04-12 15:11:44 DEBUG (ElfProgramBuilder) Loading block segment_2.9 at 08048375 from file offset 885  
2019-04-12 15:11:44 DEBUG (ElfProgramBuilder) Loading block segment_2.11 at 08048396 from file offset 918  
2019-04-12 15:11:44 DEBUG (ElfProgramBuilder) Loading block segment_2.16 at 0804845b from file offset 1115  
2019-04-12 15:11:44 DEBUG (ElfProgramBuilder) Loading block segment_2.19 at 08048528 from file offset 1320  
2019-04-12 15:11:44 DEBUG (ElfProgramBuilder) Loading block segment_2.21 at 08048b12 from file offset 2834  
2019-04-12 15:11:44 DEBUG (ElfProgramBuilder) Loading block segment_2.24 at 08048c27 from file offset 3111  
2019-04-12 15:11:44 DEBUG (ElfProgramBuilder) Loading block .shstrtab at OTHER:00000000 from file offset 4212  
2019-04-12 15:11:44 DEBUG (ElfProgramBuilder) Loading block .comment at OTHER:00000000 from file offset 4160  
2019-04-12 15:11:44 DEBUG (ElfProgramBuilder) Removing discardable alignment/filler segment at 08048167  
2019-04-12 15:11:44 DEBUG (ElfProgramBuilder) Removing discardable alignment/filler segment at 08048375  
2019-04-12 15:11:44 DEBUG (ElfProgramBuilder) Removing discardable alignment/filler segment at 08048396  
2019-04-12 15:11:44 DEBUG (ElfProgramBuilder) Removing discardable alignment/filler segment at 0804845b  
2019-04-12 15:11:45 DEBUG (ElfProgramBuilder) Removing discardable alignment/filler segment at 08048528  
2019-04-12 15:11:45 DEBUG (ElfProgramBuilder) Removing discardable alignment/filler segment at 08048b12  
2019-04-12 15:11:45 DEBUG (ElfProgramBuilder) Removing discardable alignment/filler segment at 08048c27  
2019-04-12 15:11:45 DEBUG (ElfProgramBuilder) Loading block _elfSectionHeaders at OTHER:00000000 from file offset 4464  
2019-04-12 15:11:50 DEBUG (ElfHeader$$EnhancerByCGLIB$$51c320b4) Elf symbol table section .dynsym linked to string table section .dynstr  
2019-04-12 15:11:50 DEBUG (ElfHeader$$EnhancerByCGLIB$$51c320b4) Elf relocation table section .rel.dyn linked to symbol table section .dynsym affecting PT_LOAD  
2019-04-12 15:11:50 DEBUG (ElfHeader$$EnhancerByCGLIB$$51c320b4) Elf relocation table section .rel.plt linked to symbol table section .dynsym affecting .got.plt  
2019-04-12 15:11:50 DEBUG (ElfProgramBuilder) Loading block .data at 001c0040 from file offset 1765440  
2019-04-12 15:11:50 DEBUG (ElfProgramBuilder) Loading block .got.plt at 001c0000 from file offset 1765376  
2019-04-12 15:11:50 DEBUG (ElfProgramBuilder) Loading block .got at 001bfea0 from file offset 1765024  
2019-04-12 15:11:50 DEBUG (ElfProgramBuilder) Loading block .dynamic at 001bfdb0 from file offset 1764784  
2019-04-12 15:11:50 DEBUG (ElfProgramBuilder) Loading block .data.rel.ro at 001be2e0 from file offset 1757920  
2019-04-12 15:11:50 DEBUG (ElfProgramBuilder) Loading block __libc_thread_subfreeres at 001be2d0 from file offset 1757904  
2019-04-12 15:11:50 DEBUG (ElfProgramBuilder) Loading block __libc_atexit at 001be2cc from file offset 1757900  
2019-04-12 15:11:50 DEBUG (ElfProgramBuilder) Loading block __libc_subfreeres at 001be250 from file offset 1757776  
2019-04-12 15:11:50 DEBUG (ElfProgramBuilder) Loading block .init_array at 001be244 from file offset 1757764  
2019-04-12 15:11:50 DEBUG (ElfProgramBuilder) Loading block .tdata at 001be23c from file offset 1757756  
2019-04-12 15:11:50 DEBUG (ElfProgramBuilder) Loading block .hash at 001b8ca4 from file offset 1739940  
2019-04-12 15:11:50 DEBUG (ElfProgramBuilder) Loading block .gcc_except_table at 001b882c from file offset 1738796  
2019-04-12 15:11:50 DEBUG (ElfProgramBuilder) Loading block .eh_frame at 00178664 from file offset 1476196  
2019-04-12 15:11:50 DEBUG (ElfProgramBuilder) Loading block .eh_frame_hdr at 001724c8 from file offset 1451208  
2019-04-12 15:11:50 DEBUG (ElfProgramBuilder) Loading block .interp at 001724b4 from file offset 1451188  
2019-04-12 15:11:50 DEBUG (ElfProgramBuilder) Loading block .rodata at 00151920 from file offset 1317152  
2019-04-12 15:11:50 DEBUG (ElfProgramBuilder) Loading block __libc_thread_freeres_fn at 00151700 from file offset 1316608  
2019-04-12 15:11:50 DEBUG (ElfProgramBuilder) Loading block __libc_freeres_fn at 001506e0 from file offset 1312480  
2019-04-12 15:11:50 DEBUG (ElfProgramBuilder) Loading block .text at 00027750 from file offset 96080  
2019-04-12 15:11:50 DEBUG (ElfProgramBuilder) Loading block .plt.got at 00027740 from file offset 96064  
2019-04-12 15:11:50 DEBUG (ElfProgramBuilder) Loading block .plt at 000276a0 from file offset 95904  
2019-04-12 15:11:50 DEBUG (ElfProgramBuilder) Loading block .rel.plt at 00027650 from file offset 95824  
2019-04-12 15:11:50 DEBUG (ElfProgramBuilder) Loading block .rel.dyn at 00024c50 from file offset 85072  
2019-04-12 15:11:50 DEBUG (ElfProgramBuilder) Loading block .gnu.version_r at 00024c10 from file offset 85008  
2019-04-12 15:11:50 DEBUG (ElfProgramBuilder) Loading block .gnu.version_d at 0002473c from file offset 83772  
2019-04-12 15:11:50 DEBUG (ElfProgramBuilder) Loading block .gnu.version at 0002345c from file offset 78940  
2019-04-12 15:11:50 DEBUG (ElfProgramBuilder) Loading block .dynstr at 0001d618 from file offset 54808  
2019-04-12 15:11:50 DEBUG (ElfProgramBuilder) Loading block .dynsym at 00013f28 from file offset 16168  
2019-04-12 15:11:50 DEBUG (ElfProgramBuilder) Loading block .gnu.hash at 000101b8 from file offset 440  
2019-04-12 15:11:50 DEBUG (ElfProgramBuilder) Loading block .note.ABI-tag at 00010198 from file offset 408  
2019-04-12 15:11:50 DEBUG (ElfProgramBuilder) Loading block .note.gnu.build-id at 00010174 from file offset 372  
2019-04-12 15:11:50 DEBUG (ElfProgramBuilder) Loading block segment_3.9 at 001bfff0 from file offset 1765360  
2019-04-12 15:11:50 DEBUG (ElfProgramBuilder) Loading block segment_3.11 at 001c0030 from file offset 1765424  
2019-04-12 15:11:50 DEBUG (ElfProgramBuilder) Loading block segment_2.1 at 00010000 from file offset 0  
2019-04-12 15:11:50 DEBUG (ElfProgramBuilder) Loading block segment_2.8 at 0002473a from file offset 83770  
2019-04-12 15:11:50 DEBUG (ElfProgramBuilder) Loading block segment_2.13 at 00027698 from file offset 95896  
2019-04-12 15:11:50 DEBUG (ElfProgramBuilder) Loading block segment_2.17 at 001506dd from file offset 1312477  
2019-04-12 15:11:50 DEBUG (ElfProgramBuilder) Loading block segment_2.19 at 001516fe from file offset 1316606  
2019-04-12 15:11:50 DEBUG (ElfProgramBuilder) Loading block segment_2.21 at 00151908 from file offset 1317128  
2019-04-12 15:11:50 DEBUG (ElfProgramBuilder) Loading block segment_2.24 at 001724c7 from file offset 1451207  
2019-04-12 15:11:50 DEBUG (ElfProgramBuilder) Loading block segment_2.28 at 001b8ca1 from file offset 1739937  
2019-04-12 15:11:50 DEBUG (ElfProgramBuilder) Loading block .shstrtab at OTHER:00000000 from file offset 1771589  
2019-04-12 15:11:50 DEBUG (ElfProgramBuilder) Loading block .gnu_debuglink at OTHER:00000000 from file offset 1771537  
2019-04-12 15:11:50 DEBUG (ElfProgramBuilder) Loading block .gnu.warning.setlogin at OTHER:00000000 from file offset 1771488  
2019-04-12 15:11:50 DEBUG (ElfProgramBuilder) Loading block .gnu.warning.fdetach at OTHER:00000000 from file offset 1771424  
2019-04-12 15:11:50 DEBUG (ElfProgramBuilder) Loading block .gnu.warning.fattach at OTHER:00000000 from file offset 1771360  
2019-04-12 15:11:50 DEBUG (ElfProgramBuilder) Loading block .gnu.warning.inet6_option_find at OTHER:00000000 from file offset 1771296  
2019-04-12 15:11:50 DEBUG (ElfProgramBuilder) Loading block .gnu.warning.inet6_option_next at OTHER:00000000 from file offset 1771232  
2019-04-12 15:11:50 DEBUG (ElfProgramBuilder) Loading block .gnu.warning.inet6_option_alloc at OTHER:00000000 from file offset 1771168  
2019-04-12 15:11:50 DEBUG (ElfProgramBuilder) Loading block .gnu.warning.inet6_option_append at OTHER:00000000 from file offset 1771104  
2019-04-12 15:11:50 DEBUG (ElfProgramBuilder) Loading block .gnu.warning.inet6_option_init at OTHER:00000000 from file offset 1771040  
2019-04-12 15:11:50 DEBUG (ElfProgramBuilder) Loading block .gnu.warning.inet6_option_space at OTHER:00000000 from file offset 1770976  
2019-04-12 15:11:50 DEBUG (ElfProgramBuilder) Loading block .gnu.warning.__gets_chk at OTHER:00000000 from file offset 1770912  
2019-04-12 15:11:50 DEBUG (ElfProgramBuilder) Loading block .gnu.warning.llseek at OTHER:00000000 from file offset 1770848  
2019-04-12 15:11:50 DEBUG (ElfProgramBuilder) Loading block .gnu.warning.fchflags at OTHER:00000000 from file offset 1770784  
2019-04-12 15:11:50 DEBUG (ElfProgramBuilder) Loading block .gnu.warning.chflags at OTHER:00000000 from file offset 1770720  
2019-04-12 15:11:50 DEBUG (ElfProgramBuilder) Loading block .gnu.warning.stty at OTHER:00000000 from file offset 1770656  
2019-04-12 15:11:50 DEBUG (ElfProgramBuilder) Loading block .gnu.warning.gtty at OTHER:00000000 from file offset 1770592  
2019-04-12 15:11:50 DEBUG (ElfProgramBuilder) Loading block .gnu.warning.mktemp at OTHER:00000000 from file offset 1770496  
2019-04-12 15:11:50 DEBUG (ElfProgramBuilder) Loading block .gnu.warning.revoke at OTHER:00000000 from file offset 1770432  
2019-04-12 15:11:50 DEBUG (ElfProgramBuilder) Loading block .gnu.warning.sstk at OTHER:00000000 from file offset 1770368  
2019-04-12 15:11:50 DEBUG (ElfProgramBuilder) Loading block .gnu.warning.getwd at OTHER:00000000 from file offset 1770240  
2019-04-12 15:11:50 DEBUG (ElfProgramBuilder) Loading block .gnu.warning.lchmod at OTHER:00000000 from file offset 1770176  
2019-04-12 15:11:50 DEBUG (ElfProgramBuilder) Loading block .gnu.warning.re_max_failures at OTHER:00000000 from file offset 1770112  
2019-04-12 15:11:50 DEBUG (ElfProgramBuilder) Loading block .gnu.warning.getpw at OTHER:00000000 from file offset 1770048  
2019-04-12 15:11:50 DEBUG (ElfProgramBuilder) Loading block .gnu.warning.__memset_zero_constant_len_parameter at OTHER:00000000 from file offset 1769849  
2019-04-12 15:11:50 DEBUG (ElfProgramBuilder) Loading block .gnu.warning.gets at OTHER:00000000 from file offset 1769792  
2019-04-12 15:11:50 DEBUG (ElfProgramBuilder) Loading block .gnu.warning.sys_nerr at OTHER:00000000 from file offset 1769696  
2019-04-12 15:11:50 DEBUG (ElfProgramBuilder) Loading block .gnu.warning.sys_errlist at OTHER:00000000 from file offset 1769600  
2019-04-12 15:11:50 DEBUG (ElfProgramBuilder) Loading block .gnu.warning.tempnam at OTHER:00000000 from file offset 1769536  
2019-04-12 15:11:50 DEBUG (ElfProgramBuilder) Loading block .gnu.warning.tmpnam_r at OTHER:00000000 from file offset 1769472  
2019-04-12 15:11:50 DEBUG (ElfProgramBuilder) Loading block .gnu.warning.tmpnam at OTHER:00000000 from file offset 1769408  
2019-04-12 15:11:50 DEBUG (ElfProgramBuilder) Loading block .gnu.warning.siggetmask at OTHER:00000000 from file offset 1769344  
2019-04-12 15:11:50 DEBUG (ElfProgramBuilder) Loading block .gnu.warning.sigreturn at OTHER:00000000 from file offset 1769280  
2019-04-12 15:11:50 DEBUG (ElfProgramBuilder) Loading block .gnu.warning.sigstack at OTHER:00000000 from file offset 1769184  
2019-04-12 15:11:50 DEBUG (ElfProgramBuilder) Removing discardable alignment/filler segment at 0002473a  
2019-04-12 15:11:50 DEBUG (ElfProgramBuilder) Removing discardable alignment/filler segment at 00027698  
2019-04-12 15:11:50 DEBUG (ElfProgramBuilder) Removing discardable alignment/filler segment at 001506dd  
2019-04-12 15:11:50 DEBUG (ElfProgramBuilder) Removing discardable alignment/filler segment at 001516fe  
2019-04-12 15:11:50 DEBUG (ElfProgramBuilder) Removing discardable alignment/filler segment at 00151908  
2019-04-12 15:11:50 DEBUG (ElfProgramBuilder) Removing discardable alignment/filler segment at 001724c7  
2019-04-12 15:11:50 DEBUG (ElfProgramBuilder) Removing discardable alignment/filler segment at 001b8ca1  
2019-04-12 15:11:50 DEBUG (ElfProgramBuilder) Removing discardable alignment/filler segment at 001bfff0  
2019-04-12 15:11:50 DEBUG (ElfProgramBuilder) Removing discardable alignment/filler segment at 001c0030  
2019-04-12 15:11:50 DEBUG (ElfProgramBuilder) Loading block _elfSectionHeaders at OTHER:00000000 from file offset 1772744  
2019-04-12 15:11:55 WARN  (PluginPackage) Can't find plugin package for Renoir Graph! Creating stub...  
2019-04-12 15:12:08 DEBUG (ToolTaskManager) Exec Task Auto Analysis  
2019-04-12 15:12:08 WARN  (NoReturnFunctionAnalyzer) Ignoring leading '_' chars on no-return name '_ZN10__cxxabiv111__terminateEPFvvE' specified in file: /Users/aaronsedlacek/Desktop/ghidra_9.0.2/Ghidra/Features/Base/data/ElfFunctionsThatDoNotReturn  
2019-04-12 15:12:08 DEBUG (ElfHeader$$EnhancerByCGLIB$$51c320b4) Elf symbol table section .dynsym linked to string table section .dynstr  
2019-04-12 15:12:08 DEBUG (ElfHeader$$EnhancerByCGLIB$$51c320b4) Elf relocation table section .rel.dyn linked to symbol table section .dynsym affecting PT_LOAD  
2019-04-12 15:12:08 DEBUG (ElfHeader$$EnhancerByCGLIB$$51c320b4) Elf relocation table section .rel.plt linked to symbol table section .dynsym affecting .got.plt  
2019-04-12 15:12:08 DEBUG (CreateFunctionCmd) Creating external function symbol: __gmon_start__  
2019-04-12 15:12:08 DEBUG (ElfHeader$$EnhancerByCGLIB$$51c320b4) Elf symbol table section .dynsym linked to string table section .dynstr  
2019-04-12 15:12:08 DEBUG (ElfHeader$$EnhancerByCGLIB$$51c320b4) Elf relocation table section .rel.dyn linked to symbol table section .dynsym affecting PT_LOAD  
2019-04-12 15:12:08 DEBUG (ElfHeader$$EnhancerByCGLIB$$51c320b4) Elf relocation table section .rel.plt linked to symbol table section .dynsym affecting .got.plt  
2019-04-12 15:12:08 INFO  (DecompilerSwitchAnalyzer) hit non-returning function, restarting decompiler switch analyzer later  
2019-04-12 15:12:08 INFO  (PackedDatabaseCache) Packed database cache: /var/folders/3k/p_mwr49n4s341fzbzmdyjc5h0000gn/T/aaronsedlacek-Ghidra/packed-db-cache  
2019-04-12 15:12:08 DEBUG (PackedDatabaseCache) Caching packed database: /Users/aaronsedlacek/Desktop/ghidra_9.0.2/Ghidra/Features/Base/data/typeinfo/generic/generic_clib.gdt  
2019-04-12 15:12:08 DEBUG (PackedDatabase) Unpacking database /Users/aaronsedlacek/Desktop/ghidra_9.0.2/Ghidra/Features/Base/data/typeinfo/generic/generic_clib.gdt -> /var/folders/3k/p_mwr49n4s341fzbzmdyjc5h0000gn/T/aaronsedlacek-Ghidra/packed-db-cache/pdb2DB5C4C6/db.1.gbf  
2019-04-12 15:12:08 DEBUG (PackedDatabaseCache) Cache update completed: /Users/aaronsedlacek/Desktop/ghidra_9.0.2/Ghidra/Features/Base/data/typeinfo/generic/generic_clib.gdt  
2019-04-12 15:12:09 INFO  (AutoAnalysisManager) -----------------------------------------------------
    ASCII Strings                              0.437 secs
    Apply Data Archives                        0.419 secs
    Call Convention Identification             0.003 secs
    Call-Fixup Installer                       0.010 secs
    Create Address Tables                      0.008 secs
    Create Function                            0.006 secs
    DWARF                                      0.029 secs
    Data Reference                             0.004 secs
    Decompiler Switch Analysis                 0.025 secs
    Decompiler Switch Analysis - One Time      0.085 secs
    Demangler                                  0.015 secs
    Disassemble Entry Points                   0.116 secs
    ELF Scalar Operand References              0.008 secs
    Embedded Media                             0.007 secs
    External Entry References                  0.000 secs
    Function ID                                0.079 secs
    Function Start Search                      0.015 secs
    GCC Exception Handlers                     0.066 secs
    Non-Returning Functions - Discovered       0.018 secs
    Non-Returning Functions - Known            0.006 secs
    Reference                                  0.012 secs
    Shared Return Calls                        0.004 secs
    Stack                                      0.072 secs
    Subroutine References                      0.003 secs
    X86 Function Callee Purge                  0.005 secs
    x86 Constant Reference Analyzer            0.102 secs
-----------------------------------------------------
     Total Time   1 secs
-----------------------------------------------------
  
2019-04-12 15:12:09 DEBUG (ToolTaskManager)   task finish (1.706 secs)  
2019-04-12 15:12:09 DEBUG (ToolTaskManager)     Queue - Auto Analysis  
2019-04-12 15:12:09 DEBUG (ToolTaskManager)    (0.0 secs)  
2019-04-12 15:12:09 DEBUG (ToolTaskManager)   task Complete (1.708 secs)  
2019-05-03 17:28:51 INFO  (LoggingInitialization) Using log config file: jar:file:/Users/aaronsedlacek/Downloads/ghidra_9.0.2/Ghidra/Framework/Generic/lib/Generic.jar!/generic.log4j.xml  
2019-05-03 17:28:51 INFO  (LoggingInitialization) Using log file: /Users/aaronsedlacek/.ghidra/.ghidra-9.0.2/application.log  
2019-05-03 17:28:51 INFO  (Preferences) Loading user preferences: /Users/aaronsedlacek/.ghidra/.ghidra-9.0.2/preferences  
2019-05-03 17:28:54 INFO  (ClassSearcher) Class search complete (1073 ms)  
2019-05-03 17:28:54 INFO  (SSLContextInitializer) Initializing SSL Context  
2019-05-03 17:28:54 INFO  (SecureRandomFactory) Initializing Random Number Generator...  
2019-05-03 17:28:54 INFO  (SecureRandomFactory) Random Number Generator initialization complete: NativePRNGNonBlocking  
2019-05-03 17:28:54 INFO  (ApplicationTrustManagerFactory) Trust manager disabled, cacerts have not been set  
2019-05-03 17:28:54 INFO  (GhidraRun) User aaronsedlacek started Ghidra.  
2019-05-03 17:28:55 DEBUG (RecoverySnapshotMgrPlugin) Recovery snapshot timer set to 5 minute(s)  
2019-05-03 17:28:55 INFO  (DefaultProject) Opening project: /Users/aaronsedlacek/sadfasdf  
2019-05-03 17:29:52 INFO  (FileCache) Starting cache cleanup: /var/folders/3k/p_mwr49n4s341fzbzmdyjc5h0000gn/T/aaronsedlacek-Ghidra/fscache  
2019-05-03 17:29:52 INFO  (FileCache) Finished cache cleanup, estimated storage used: 0  
2019-05-03 17:33:56 INFO  (LoggingInitialization) Using log config file: jar:file:/Users/aaronsedlacek/Desktop/ghidra_9.0.2/Ghidra/Framework/Generic/lib/Generic.jar!/generic.log4j.xml  
2019-05-03 17:33:56 INFO  (LoggingInitialization) Using log file: /Users/aaronsedlacek/.ghidra/.ghidra-9.0.2/application.log  
2019-05-03 17:33:56 INFO  (Preferences) Loading user preferences: /Users/aaronsedlacek/.ghidra/.ghidra-9.0.2/preferences  
2019-05-03 17:33:59 INFO  (ClassSearcher) Class search complete (1216 ms)  
2019-05-03 17:33:59 INFO  (SSLContextInitializer) Initializing SSL Context  
2019-05-03 17:33:59 INFO  (SecureRandomFactory) Initializing Random Number Generator...  
2019-05-03 17:33:59 INFO  (SecureRandomFactory) Random Number Generator initialization complete: NativePRNGNonBlocking  
2019-05-03 17:33:59 INFO  (ApplicationTrustManagerFactory) Trust manager disabled, cacerts have not been set  
2019-05-03 17:34:00 INFO  (GhidraRun) User aaronsedlacek started Ghidra.  
2019-05-03 17:34:00 DEBUG (RecoverySnapshotMgrPlugin) Recovery snapshot timer set to 5 minute(s)  
2019-05-03 17:34:01 INFO  (DefaultProject) Opening project: /Users/aaronsedlacek/sadfasdf  
2019-05-03 17:34:08 WARN  (SaveState) Error processing primitive value in saveState java.lang.NumberFormatException: For input string: "-16.732201"
	at java.base/java.lang.NumberFormatException.forInputString(NumberFormatException.java:65)
	at java.base/java.lang.Integer.parseInt(Integer.java:652)
	at java.base/java.lang.Integer.valueOf(Integer.java:983)
	at ghidra.framework.options.SaveState.<init>(SaveState.java:112)
	at ghidra.framework.options.ToolOptions.<init>(ToolOptions.java:104)
	at ghidra.framework.plugintool.mgr.OptionsManager.setConfigState(OptionsManager.java:200)
	at ghidra.framework.plugintool.PluginTool.restoreOptionsFromXml(PluginTool.java:1458)
	at ghidra.framework.plugintool.PluginTool.restoreFromXml(PluginTool.java:707)
	at ghidra.framework.plugintool.PluginTool.<init>(PluginTool.java:121)
	at ghidra.framework.project.tool.GhidraTool.<init>(GhidraTool.java:80)
	at ghidra.framework.project.tool.GhidraToolTemplate.createTool(GhidraToolTemplate.java:211)
	at ghidra.framework.project.tool.ToolManagerImpl.getTool(ToolManagerImpl.java:689)
	at ghidra.framework.project.tool.WorkspaceImpl.runTool(WorkspaceImpl.java:75)
	at ghidra.framework.main.ToolButton$2.end(ToolButton.java:622)
	at ghidra.framework.main.ZoomImageRunner$1.end(ZoomImageRunner.java:54)
	at org.jdesktop.animation.timing.Animator.end(Animator.java:755)
	at org.jdesktop.animation.timing.Animator.stop(Animator.java:660)
	at org.jdesktop.animation.timing.Animator.timingEvent(Animator.java:732)
	at org.jdesktop.animation.timing.Animator.access$200(Animator.java:75)
	at org.jdesktop.animation.timing.Animator$TimerTarget.actionPerformed(Animator.java:1041)
	at java.desktop/javax.swing.Timer.fireActionPerformed(Timer.java:317)
	at java.desktop/javax.swing.Timer$DoPostEvent.run(Timer.java:249)
	at java.desktop/java.awt.event.InvocationEvent.dispatch(InvocationEvent.java:313)
	at java.desktop/java.awt.EventQueue.dispatchEventImpl(EventQueue.java:770)
	at java.desktop/java.awt.EventQueue$4.run(EventQueue.java:721)
	at java.desktop/java.awt.EventQueue$4.run(EventQueue.java:715)
	at java.base/java.security.AccessController.doPrivileged(Native Method)
	at java.base/java.security.ProtectionDomain$JavaSecurityAccessImpl.doIntersectionPrivilege(ProtectionDomain.java:85)
	at java.desktop/java.awt.EventQueue.dispatchEvent(EventQueue.java:740)
	at java.desktop/java.awt.EventDispatchThread.pumpOneEventForFilters(EventDispatchThread.java:203)
	at java.desktop/java.awt.EventDispatchThread.pumpEventsForFilter(EventDispatchThread.java:124)
	at java.desktop/java.awt.EventDispatchThread.pumpEventsForHierarchy(EventDispatchThread.java:113)
	at java.desktop/java.awt.EventDispatchThread.pumpEvents(EventDispatchThread.java:109)
	at java.desktop/java.awt.EventDispatchThread.pumpEvents(EventDispatchThread.java:101)
	at java.desktop/java.awt.EventDispatchThread.run(EventDispatchThread.java:90)
 
2019-05-03 17:34:10 INFO  (PackedDatabaseCache) Packed database cache: /var/folders/3k/p_mwr49n4s341fzbzmdyjc5h0000gn/T/aaronsedlacek-Ghidra/packed-db-cache  
2019-05-03 17:34:10 DEBUG (PackedDatabaseCache) Caching packed database: /Users/aaronsedlacek/Desktop/ghidra_9.0.2/Ghidra/Features/Base/data/typeinfo/generic/generic_clib.gdt  
2019-05-03 17:34:10 DEBUG (PackedDatabase) Unpacking database /Users/aaronsedlacek/Desktop/ghidra_9.0.2/Ghidra/Features/Base/data/typeinfo/generic/generic_clib.gdt -> /var/folders/3k/p_mwr49n4s341fzbzmdyjc5h0000gn/T/aaronsedlacek-Ghidra/packed-db-cache/pdbA157CABB/db.1.gbf  
2019-05-03 17:34:10 DEBUG (PackedDatabaseCache) Cache update completed: /Users/aaronsedlacek/Desktop/ghidra_9.0.2/Ghidra/Features/Base/data/typeinfo/generic/generic_clib.gdt  
2019-05-03 17:34:32 INFO  (LookAndFeelPlugin) Look And Feel Updated: The new Look and Feel will take effect 
after you exit and restart Ghidra.  
2019-05-03 17:34:53 DEBUG (PackedDatabaseCache) Using cached packed database: /Users/aaronsedlacek/Desktop/ghidra_9.0.2/Ghidra/Features/Base/data/typeinfo/generic/generic_clib.gdt  
2019-05-03 17:35:05 INFO  (FileCache) Starting cache cleanup: /var/folders/3k/p_mwr49n4s341fzbzmdyjc5h0000gn/T/aaronsedlacek-Ghidra/fscache  
2019-05-03 17:35:05 INFO  (FileCache) Finished cache cleanup, estimated storage used: 0  
2019-05-03 17:36:08 INFO  (LoggingInitialization) Using log config file: jar:file:/Users/aaronsedlacek/Desktop/ghidra_9.0.2/Ghidra/Framework/Generic/lib/Generic.jar!/generic.log4j.xml  
2019-05-03 17:36:08 INFO  (LoggingInitialization) Using log file: /Users/aaronsedlacek/.ghidra/.ghidra-9.0.2/application.log  
2019-05-03 17:36:08 INFO  (Preferences) Loading user preferences: /Users/aaronsedlacek/.ghidra/.ghidra-9.0.2/preferences  
2019-05-03 17:36:11 INFO  (ClassSearcher) Class search complete (968 ms)  
2019-05-03 17:36:11 INFO  (SSLContextInitializer) Initializing SSL Context  
2019-05-03 17:36:11 INFO  (SecureRandomFactory) Initializing Random Number Generator...  
2019-05-03 17:36:11 INFO  (SecureRandomFactory) Random Number Generator initialization complete: NativePRNGNonBlocking  
2019-05-03 17:36:11 INFO  (ApplicationTrustManagerFactory) Trust manager disabled, cacerts have not been set  
2019-05-03 17:36:11 INFO  (GhidraRun) User aaronsedlacek started Ghidra.  
2019-05-03 17:36:12 DEBUG (RecoverySnapshotMgrPlugin) Recovery snapshot timer set to 5 minute(s)  
2019-05-03 17:36:12 INFO  (DefaultProject) Opening project: /Users/aaronsedlacek/sadfasdf  
2019-05-03 17:36:36 INFO  (PackedDatabaseCache) Packed database cache: /var/folders/3k/p_mwr49n4s341fzbzmdyjc5h0000gn/T/aaronsedlacek-Ghidra/packed-db-cache  
2019-05-03 17:36:36 DEBUG (PackedDatabaseCache) Using cached packed database: /Users/aaronsedlacek/Desktop/ghidra_9.0.2/Ghidra/Features/Base/data/typeinfo/generic/generic_clib.gdt  
2019-05-03 17:36:43 DEBUG (PackedDatabaseCache) Using cached packed database: /Users/aaronsedlacek/Desktop/ghidra_9.0.2/Ghidra/Features/Base/data/typeinfo/generic/generic_clib.gdt  
2019-05-03 17:37:58 INFO  (LoggingInitialization) Using log config file: jar:file:/Users/aaronsedlacek/Desktop/ghidra_9.0.2/Ghidra/Framework/Generic/lib/Generic.jar!/generic.log4j.xml  
2019-05-03 17:37:58 INFO  (LoggingInitialization) Using log file: /Users/aaronsedlacek/.ghidra/.ghidra-9.0.2/application.log  
2019-05-03 17:37:58 INFO  (Preferences) Loading user preferences: /Users/aaronsedlacek/.ghidra/.ghidra-9.0.2/preferences  
2019-05-03 17:38:01 INFO  (ClassSearcher) Class search complete (928 ms)  
2019-05-03 17:38:01 INFO  (SSLContextInitializer) Initializing SSL Context  
2019-05-03 17:38:01 INFO  (SecureRandomFactory) Initializing Random Number Generator...  
2019-05-03 17:38:01 INFO  (SecureRandomFactory) Random Number Generator initialization complete: NativePRNGNonBlocking  
2019-05-03 17:38:01 INFO  (ApplicationTrustManagerFactory) Trust manager disabled, cacerts have not been set  
2019-05-03 17:38:01 INFO  (GhidraRun) User aaronsedlacek started Ghidra.  
2019-05-03 17:38:02 DEBUG (RecoverySnapshotMgrPlugin) Recovery snapshot timer set to 5 minute(s)  
2019-05-03 17:38:02 INFO  (DefaultProject) Opening project: /Users/aaronsedlacek/sadfasdf  
2019-05-03 17:38:02 WARN  (SaveState) Error processing primitive value in saveState java.lang.NumberFormatException: For input string: "-16.732201"
	at java.base/java.lang.NumberFormatException.forInputString(NumberFormatException.java:65)
	at java.base/java.lang.Integer.parseInt(Integer.java:652)
	at java.base/java.lang.Integer.valueOf(Integer.java:983)
	at ghidra.framework.options.SaveState.<init>(SaveState.java:112)
	at ghidra.framework.options.ToolOptions.<init>(ToolOptions.java:104)
	at ghidra.framework.plugintool.mgr.OptionsManager.setConfigState(OptionsManager.java:200)
	at ghidra.framework.plugintool.PluginTool.restoreOptionsFromXml(PluginTool.java:1458)
	at ghidra.framework.plugintool.PluginTool.restoreFromXml(PluginTool.java:707)
	at ghidra.framework.plugintool.PluginTool.<init>(PluginTool.java:121)
	at ghidra.framework.project.tool.GhidraTool.<init>(GhidraTool.java:80)
	at ghidra.framework.project.tool.GhidraToolTemplate.createTool(GhidraToolTemplate.java:211)
	at ghidra.framework.project.tool.ToolManagerImpl.getTool(ToolManagerImpl.java:575)
	at ghidra.framework.project.tool.WorkspaceImpl.restoreFromXml(WorkspaceImpl.java:173)
	at ghidra.framework.project.tool.ToolManagerImpl.restoreFromXml(ToolManagerImpl.java:343)
	at ghidra.framework.project.DefaultProject.restore(DefaultProject.java:473)
	at ghidra.framework.project.DefaultProjectManager.openProject(DefaultProjectManager.java:142)
	at ghidra.GhidraRun.doOpenProject(GhidraRun.java:197)
	at ghidra.GhidraRun.lambda$openProject$3(GhidraRun.java:188)
	at java.desktop/java.awt.event.InvocationEvent.dispatch(InvocationEvent.java:303)
	at java.desktop/java.awt.EventQueue.dispatchEventImpl(EventQueue.java:770)
	at java.desktop/java.awt.EventQueue$4.run(EventQueue.java:721)
	at java.desktop/java.awt.EventQueue$4.run(EventQueue.java:715)
	at java.base/java.security.AccessController.doPrivileged(Native Method)
	at java.base/java.security.ProtectionDomain$JavaSecurityAccessImpl.doIntersectionPrivilege(ProtectionDomain.java:85)
	at java.desktop/java.awt.EventQueue.dispatchEvent(EventQueue.java:740)
	at java.desktop/java.awt.EventDispatchThread.pumpOneEventForFilters(EventDispatchThread.java:203)
	at java.desktop/java.awt.EventDispatchThread.pumpEventsForFilter(EventDispatchThread.java:124)
	at java.desktop/java.awt.EventDispatchThread.pumpEventsForFilter(EventDispatchThread.java:117)
	at java.desktop/java.awt.WaitDispatchSupport$2.run(WaitDispatchSupport.java:190)
	at java.desktop/java.awt.WaitDispatchSupport$4.run(WaitDispatchSupport.java:235)
	at java.desktop/java.awt.WaitDispatchSupport$4.run(WaitDispatchSupport.java:233)
	at java.base/java.security.AccessController.doPrivileged(Native Method)
	at java.desktop/java.awt.WaitDispatchSupport.enter(WaitDispatchSupport.java:233)
	at java.desktop/java.awt.Dialog.show(Dialog.java:1070)
	at java.desktop/java.awt.Component.show(Component.java:1716)
	at java.desktop/java.awt.Component.setVisible(Component.java:1663)
	at java.desktop/java.awt.Window.setVisible(Window.java:1031)
	at java.desktop/java.awt.Dialog.setVisible(Dialog.java:1005)
	at docking.DockingDialog.setVisible(DockingDialog.java:317)
	at docking.DockingWindowManager.lambda$doShowDialog$4(DockingWindowManager.java:1693)
	at ghidra.util.SystemUtilities.runSwing(SystemUtilities.java:295)
	at ghidra.util.SystemUtilities.runSwingNow(SystemUtilities.java:260)
	at docking.DockingWindowManager.doShowDialog(DockingWindowManager.java:1697)
	at docking.DockingWindowManager.showDialog(DockingWindowManager.java:1729)
	at ghidra.util.task.TaskDialog.lambda$doShow$7(TaskDialog.java:369)
	at ghidra.util.SystemUtilities.runIfSwingOrPostSwingLater(SystemUtilities.java:280)
	at ghidra.util.task.TaskDialog.doShow(TaskDialog.java:368)
	at ghidra.util.task.TaskDialog.doShowModal(TaskDialog.java:349)
	at ghidra.util.task.TaskDialog.show(TaskDialog.java:330)
	at ghidra.util.task.TaskLauncher.<init>(TaskLauncher.java:250)
	at ghidra.util.task.TaskLauncher.<init>(TaskLauncher.java:228)
	at ghidra.GhidraRun.openProject(GhidraRun.java:191)
	at ghidra.GhidraRun.openProject(GhidraRun.java:180)
	at ghidra.GhidraRun.lambda$launch$0(GhidraRun.java:97)
	at java.desktop/java.awt.event.InvocationEvent.dispatch(InvocationEvent.java:313)
	at java.desktop/java.awt.EventQueue.dispatchEventImpl(EventQueue.java:770)
	at java.desktop/java.awt.EventQueue$4.run(EventQueue.java:721)
	at java.desktop/java.awt.EventQueue$4.run(EventQueue.java:715)
	at java.base/java.security.AccessController.doPrivileged(Native Method)
	at java.base/java.security.ProtectionDomain$JavaSecurityAccessImpl.doIntersectionPrivilege(ProtectionDomain.java:85)
	at java.desktop/java.awt.EventQueue.dispatchEvent(EventQueue.java:740)
	at java.desktop/java.awt.EventDispatchThread.pumpOneEventForFilters(EventDispatchThread.java:203)
	at java.desktop/java.awt.EventDispatchThread.pumpEventsForFilter(EventDispatchThread.java:124)
	at java.desktop/java.awt.EventDispatchThread.pumpEventsForHierarchy(EventDispatchThread.java:113)
	at java.desktop/java.awt.EventDispatchThread.pumpEvents(EventDispatchThread.java:109)
	at java.desktop/java.awt.EventDispatchThread.pumpEvents(EventDispatchThread.java:101)
	at java.desktop/java.awt.EventDispatchThread.run(EventDispatchThread.java:90)
 
2019-05-03 17:38:03 INFO  (PackedDatabaseCache) Packed database cache: /var/folders/3k/p_mwr49n4s341fzbzmdyjc5h0000gn/T/aaronsedlacek-Ghidra/packed-db-cache  
2019-05-03 17:38:03 DEBUG (PackedDatabaseCache) Using cached packed database: /Users/aaronsedlacek/Desktop/ghidra_9.0.2/Ghidra/Features/Base/data/typeinfo/generic/generic_clib.gdt  
2019-05-03 17:38:22 INFO  (LookAndFeelPlugin) Look And Feel Updated: The new Look and Feel will take effect 
after you exit and restart Ghidra.  
2019-05-03 17:38:33 INFO  (LoggingInitialization) Using log config file: jar:file:/Users/aaronsedlacek/Desktop/ghidra_9.0.2/Ghidra/Framework/Generic/lib/Generic.jar!/generic.log4j.xml  
2019-05-03 17:38:33 INFO  (LoggingInitialization) Using log file: /Users/aaronsedlacek/.ghidra/.ghidra-9.0.2/application.log  
2019-05-03 17:38:33 INFO  (Preferences) Loading user preferences: /Users/aaronsedlacek/.ghidra/.ghidra-9.0.2/preferences  
2019-05-03 17:38:35 INFO  (ClassSearcher) Class search complete (884 ms)  
2019-05-03 17:38:35 INFO  (SSLContextInitializer) Initializing SSL Context  
2019-05-03 17:38:35 INFO  (SecureRandomFactory) Initializing Random Number Generator...  
2019-05-03 17:38:35 INFO  (SecureRandomFactory) Random Number Generator initialization complete: NativePRNGNonBlocking  
2019-05-03 17:38:35 INFO  (ApplicationTrustManagerFactory) Trust manager disabled, cacerts have not been set  
2019-05-03 17:38:35 INFO  (GhidraRun) User aaronsedlacek started Ghidra.  
2019-05-03 17:38:36 DEBUG (RecoverySnapshotMgrPlugin) Recovery snapshot timer set to 5 minute(s)  
2019-05-03 17:38:36 INFO  (DefaultProject) Opening project: /Users/aaronsedlacek/sadfasdf  
2019-05-03 17:38:51 INFO  (PackedDatabaseCache) Packed database cache: /var/folders/3k/p_mwr49n4s341fzbzmdyjc5h0000gn/T/aaronsedlacek-Ghidra/packed-db-cache  
2019-05-03 17:38:51 DEBUG (PackedDatabaseCache) Using cached packed database: /Users/aaronsedlacek/Desktop/ghidra_9.0.2/Ghidra/Features/Base/data/typeinfo/generic/generic_clib.gdt  
2019-05-03 17:48:57 INFO  (LoggingInitialization) Using log config file: jar:file:/Users/aaronsedlacek/Desktop/ghidra_9.0.2/Ghidra/Framework/Generic/lib/Generic.jar!/generic.log4j.xml  
2019-05-03 17:48:57 INFO  (LoggingInitialization) Using log file: /Users/aaronsedlacek/.ghidra/.ghidra-9.0.2/application.log  
2019-05-03 17:48:57 INFO  (Preferences) Loading user preferences: /Users/aaronsedlacek/.ghidra/.ghidra-9.0.2/preferences  
2019-05-03 17:48:59 INFO  (ClassSearcher) Class search complete (989 ms)  
2019-05-03 17:48:59 INFO  (SSLContextInitializer) Initializing SSL Context  
2019-05-03 17:48:59 INFO  (SecureRandomFactory) Initializing Random Number Generator...  
2019-05-03 17:48:59 INFO  (SecureRandomFactory) Random Number Generator initialization complete: NativePRNGNonBlocking  
2019-05-03 17:48:59 INFO  (ApplicationTrustManagerFactory) Trust manager disabled, cacerts have not been set  
2019-05-03 17:48:59 INFO  (GhidraRun) User aaronsedlacek started Ghidra.  
2019-05-03 17:49:00 DEBUG (RecoverySnapshotMgrPlugin) Recovery snapshot timer set to 5 minute(s)  
2019-05-03 17:49:01 INFO  (DefaultProject) Opening project: /Users/aaronsedlacek/sadfasdf  
2019-05-03 17:49:01 INFO  (IndexedLocalFileSystem$IndexJournal) restoring data storage index...  
2019-05-03 17:49:02 INFO  (PackedDatabaseCache) Packed database cache: /var/folders/3k/p_mwr49n4s341fzbzmdyjc5h0000gn/T/aaronsedlacek-Ghidra/packed-db-cache  
2019-05-03 17:49:02 DEBUG (PackedDatabaseCache) Using cached packed database: /Users/aaronsedlacek/Desktop/ghidra_9.0.2/Ghidra/Features/Base/data/typeinfo/generic/generic_clib.gdt  
2019-05-03 17:49:11 DEBUG (PackedDatabaseCache) Using cached packed database: /Users/aaronsedlacek/Desktop/ghidra_9.0.2/Ghidra/Features/Base/data/typeinfo/generic/generic_clib.gdt  
2019-05-03 17:49:39 INFO  (LoggingInitialization) Using log config file: jar:file:/Users/aaronsedlacek/Desktop/ghidra_9.0.2/Ghidra/Framework/Generic/lib/Generic.jar!/generic.log4j.xml  
2019-05-03 17:49:39 INFO  (LoggingInitialization) Using log file: /Users/aaronsedlacek/.ghidra/.ghidra-9.0.2/application.log  
2019-05-03 17:49:39 INFO  (Preferences) Loading user preferences: /Users/aaronsedlacek/.ghidra/.ghidra-9.0.2/preferences  
2019-05-03 17:49:41 INFO  (ClassSearcher) Class search complete (967 ms)  
2019-05-03 17:49:41 INFO  (SSLContextInitializer) Initializing SSL Context  
2019-05-03 17:49:41 INFO  (SecureRandomFactory) Initializing Random Number Generator...  
2019-05-03 17:49:41 INFO  (SecureRandomFactory) Random Number Generator initialization complete: NativePRNGNonBlocking  
2019-05-03 17:49:41 INFO  (ApplicationTrustManagerFactory) Trust manager disabled, cacerts have not been set  
2019-05-03 17:49:41 INFO  (GhidraRun) User aaronsedlacek started Ghidra.  
2019-05-03 17:49:42 DEBUG (RecoverySnapshotMgrPlugin) Recovery snapshot timer set to 5 minute(s)  
2019-05-03 17:49:42 INFO  (DefaultProject) Opening project: /Users/aaronsedlacek/sadfasdf  
2019-05-03 17:49:56 INFO  (PackedDatabaseCache) Packed database cache: /var/folders/3k/p_mwr49n4s341fzbzmdyjc5h0000gn/T/aaronsedlacek-Ghidra/packed-db-cache  
2019-05-03 17:49:57 DEBUG (PackedDatabaseCache) Using cached packed database: /Users/aaronsedlacek/Desktop/ghidra_9.0.2/Ghidra/Features/Base/data/typeinfo/generic/generic_clib.gdt  
2019-05-03 17:50:15 INFO  (LookAndFeelPlugin) Look And Feel Updated: The new Look and Feel will take effect 
after you exit and restart Ghidra.  
2019-05-03 17:50:24 INFO  (LoggingInitialization) Using log config file: jar:file:/Users/aaronsedlacek/Desktop/ghidra_9.0.2/Ghidra/Framework/Generic/lib/Generic.jar!/generic.log4j.xml  
2019-05-03 17:50:24 INFO  (LoggingInitialization) Using log file: /Users/aaronsedlacek/.ghidra/.ghidra-9.0.2/application.log  
2019-05-03 17:50:24 INFO  (Preferences) Loading user preferences: /Users/aaronsedlacek/.ghidra/.ghidra-9.0.2/preferences  
2019-05-03 17:50:26 INFO  (ClassSearcher) Class search complete (951 ms)  
2019-05-03 17:50:26 INFO  (SSLContextInitializer) Initializing SSL Context  
2019-05-03 17:50:26 INFO  (SecureRandomFactory) Initializing Random Number Generator...  
2019-05-03 17:50:26 INFO  (SecureRandomFactory) Random Number Generator initialization complete: NativePRNGNonBlocking  
2019-05-03 17:50:26 INFO  (ApplicationTrustManagerFactory) Trust manager disabled, cacerts have not been set  
2019-05-03 17:50:27 INFO  (GhidraRun) User aaronsedlacek started Ghidra.  
2019-05-03 17:50:27 DEBUG (RecoverySnapshotMgrPlugin) Recovery snapshot timer set to 5 minute(s)  
2019-05-03 17:50:27 INFO  (DefaultProject) Opening project: /Users/aaronsedlacek/sadfasdf  
2019-05-03 17:50:33 INFO  (PackedDatabaseCache) Packed database cache: /var/folders/3k/p_mwr49n4s341fzbzmdyjc5h0000gn/T/aaronsedlacek-Ghidra/packed-db-cache  
2019-05-03 17:50:33 DEBUG (PackedDatabaseCache) Using cached packed database: /Users/aaronsedlacek/Desktop/ghidra_9.0.2/Ghidra/Features/Base/data/typeinfo/generic/generic_clib.gdt  
2019-05-03 17:52:00 DEBUG (PackedDatabaseCache) Using cached packed database: /Users/aaronsedlacek/Desktop/ghidra_9.0.2/Ghidra/Features/Base/data/typeinfo/generic/generic_clib.gdt  
2019-05-03 18:03:02 INFO  (LoggingInitialization) Using log config file: jar:file:/Users/aaronsedlacek/Desktop/ghidra_9.0.2/Ghidra/Framework/Generic/lib/Generic.jar!/generic.log4j.xml  
2019-05-03 18:03:02 INFO  (LoggingInitialization) Using log file: /Users/aaronsedlacek/.ghidra/.ghidra-9.0.2/application.log  
2019-05-03 18:03:02 INFO  (Preferences) Loading user preferences: /Users/aaronsedlacek/.ghidra/.ghidra-9.0.2/preferences  
2019-05-03 18:03:05 INFO  (ClassSearcher) Class search complete (1026 ms)  
2019-05-03 18:03:05 INFO  (SSLContextInitializer) Initializing SSL Context  
2019-05-03 18:03:05 INFO  (SecureRandomFactory) Initializing Random Number Generator...  
2019-05-03 18:03:05 INFO  (SecureRandomFactory) Random Number Generator initialization complete: NativePRNGNonBlocking  
2019-05-03 18:03:05 INFO  (ApplicationTrustManagerFactory) Trust manager disabled, cacerts have not been set  
2019-05-03 18:03:05 INFO  (GhidraRun) User aaronsedlacek started Ghidra.  
2019-05-03 18:03:06 DEBUG (RecoverySnapshotMgrPlugin) Recovery snapshot timer set to 5 minute(s)  
2019-05-03 18:03:06 INFO  (DefaultProject) Opening project: /Users/aaronsedlacek/sadfasdf  
2019-05-03 18:03:11 INFO  (PackedDatabaseCache) Packed database cache: /var/folders/3k/p_mwr49n4s341fzbzmdyjc5h0000gn/T/aaronsedlacek-Ghidra/packed-db-cache  
2019-05-03 18:03:11 DEBUG (PackedDatabaseCache) Using cached packed database: /Users/aaronsedlacek/Desktop/ghidra_9.0.2/Ghidra/Features/Base/data/typeinfo/generic/generic_clib.gdt  
2019-05-03 18:08:57 INFO  (LoggingInitialization) Using log config file: jar:file:/Users/aaronsedlacek/Desktop/ghidra_9.0.2/Ghidra/Framework/Generic/lib/Generic.jar!/generic.log4j.xml  
2019-05-03 18:08:57 INFO  (LoggingInitialization) Using log file: /Users/aaronsedlacek/.ghidra/.ghidra-9.0.2/application.log  
2019-05-03 18:08:57 INFO  (Preferences) Loading user preferences: /Users/aaronsedlacek/.ghidra/.ghidra-9.0.2/preferences  
2019-05-03 18:09:00 INFO  (ClassSearcher) Class search complete (886 ms)  
2019-05-03 18:09:00 INFO  (SSLContextInitializer) Initializing SSL Context  
2019-05-03 18:09:00 INFO  (SecureRandomFactory) Initializing Random Number Generator...  
2019-05-03 18:09:00 INFO  (SecureRandomFactory) Random Number Generator initialization complete: NativePRNGNonBlocking  
2019-05-03 18:09:00 INFO  (ApplicationTrustManagerFactory) Trust manager disabled, cacerts have not been set  
2019-05-03 18:09:00 INFO  (GhidraRun) User aaronsedlacek started Ghidra.  
2019-05-03 18:09:01 DEBUG (RecoverySnapshotMgrPlugin) Recovery snapshot timer set to 5 minute(s)  
2019-05-03 18:09:01 INFO  (DefaultProject) Opening project: /Users/aaronsedlacek/sadfasdf  
2019-05-03 18:09:06 INFO  (PackedDatabaseCache) Packed database cache: /var/folders/3k/p_mwr49n4s341fzbzmdyjc5h0000gn/T/aaronsedlacek-Ghidra/packed-db-cache  
2019-05-03 18:09:06 DEBUG (PackedDatabaseCache) Using cached packed database: /Users/aaronsedlacek/Desktop/ghidra_9.0.2/Ghidra/Features/Base/data/typeinfo/generic/generic_clib.gdt  
2019-05-05 17:19:06 INFO  (LoggingInitialization) Using log config file: jar:file:/Users/aaronsedlacek/Desktop/ghidra_9.0.2/Ghidra/Framework/Generic/lib/Generic.jar!/generic.log4j.xml  
2019-05-05 17:19:06 INFO  (LoggingInitialization) Using log file: /Users/aaronsedlacek/.ghidra/.ghidra-9.0.2/application.log  
2019-05-05 17:19:06 INFO  (Preferences) Loading user preferences: /Users/aaronsedlacek/.ghidra/.ghidra-9.0.2/preferences  
2019-05-05 17:19:09 INFO  (ClassSearcher) Class search complete (1283 ms)  
2019-05-05 17:19:09 INFO  (SSLContextInitializer) Initializing SSL Context  
2019-05-05 17:19:09 INFO  (SecureRandomFactory) Initializing Random Number Generator...  
2019-05-05 17:19:09 INFO  (SecureRandomFactory) Random Number Generator initialization complete: NativePRNGNonBlocking  
2019-05-05 17:19:09 INFO  (ApplicationTrustManagerFactory) Trust manager disabled, cacerts have not been set  
2019-05-05 17:19:09 INFO  (GhidraRun) User aaronsedlacek started Ghidra.  
2019-05-05 17:19:10 DEBUG (RecoverySnapshotMgrPlugin) Recovery snapshot timer set to 5 minute(s)  
2019-05-05 17:19:10 INFO  (DefaultProject) Opening project: /Users/aaronsedlacek/sadfasdf  
2019-05-05 17:19:17 INFO  (PackedDatabaseCache) Packed database cache: /var/folders/3k/p_mwr49n4s341fzbzmdyjc5h0000gn/T/aaronsedlacek-Ghidra/packed-db-cache  
2019-05-05 17:19:17 DEBUG (PackedDatabaseCache) Using cached packed database: /Users/aaronsedlacek/Desktop/ghidra_9.0.2/Ghidra/Features/Base/data/typeinfo/generic/generic_clib.gdt  
2019-05-05 17:22:38 DEBUG (PackedDatabaseCache) Using cached packed database: /Users/aaronsedlacek/Desktop/ghidra_9.0.2/Ghidra/Features/Base/data/typeinfo/generic/generic_clib.gdt  
2019-05-05 17:22:52 DEBUG (PackedDatabaseCache) Using cached packed database: /Users/aaronsedlacek/Desktop/ghidra_9.0.2/Ghidra/Features/Base/data/typeinfo/generic/generic_clib.gdt  
2019-05-05 17:41:28 INFO  (FileCache) Starting cache cleanup: /var/folders/3k/p_mwr49n4s341fzbzmdyjc5h0000gn/T/aaronsedlacek-Ghidra/fscache  
2019-05-05 17:41:28 INFO  (FileCache) Finished cache cleanup, estimated storage used: 0  
2019-05-05 17:41:37 INFO  (LoggingInitialization) Using log config file: jar:file:/Users/aaronsedlacek/Desktop/ghidra_9.0.2/Ghidra/Framework/Generic/lib/Generic.jar!/generic.log4j.xml  
2019-05-05 17:41:37 INFO  (LoggingInitialization) Using log file: /Users/aaronsedlacek/.ghidra/.ghidra-9.0.2/application.log  
2019-05-05 17:41:37 INFO  (Preferences) Loading user preferences: /Users/aaronsedlacek/.ghidra/.ghidra-9.0.2/preferences  
2019-05-05 17:41:40 INFO  (ClassSearcher) Class search complete (942 ms)  
2019-05-05 17:41:40 INFO  (SSLContextInitializer) Initializing SSL Context  
2019-05-05 17:41:40 INFO  (SecureRandomFactory) Initializing Random Number Generator...  
2019-05-05 17:41:40 INFO  (SecureRandomFactory) Random Number Generator initialization complete: NativePRNGNonBlocking  
2019-05-05 17:41:40 INFO  (ApplicationTrustManagerFactory) Trust manager disabled, cacerts have not been set  
2019-05-05 17:41:40 INFO  (GhidraRun) User aaronsedlacek started Ghidra.  
2019-05-05 17:41:41 DEBUG (RecoverySnapshotMgrPlugin) Recovery snapshot timer set to 5 minute(s)  
2019-05-05 17:41:41 INFO  (DefaultProject) Opening project: /Users/aaronsedlacek/sadfasdf  
2019-05-05 17:41:43 INFO  (PackedDatabaseCache) Packed database cache: /var/folders/3k/p_mwr49n4s341fzbzmdyjc5h0000gn/T/aaronsedlacek-Ghidra/packed-db-cache  
2019-05-05 17:41:43 DEBUG (PackedDatabaseCache) Using cached packed database: /Users/aaronsedlacek/Desktop/ghidra_9.0.2/Ghidra/Features/Base/data/typeinfo/generic/generic_clib.gdt  
2019-05-05 17:41:44 DEBUG (PackedDatabaseCache) Using cached packed database: /Users/aaronsedlacek/Desktop/ghidra_9.0.2/Ghidra/Features/Base/data/typeinfo/generic/generic_clib.gdt  
2019-05-05 17:41:53 DEBUG (PackedDatabaseCache) Using cached packed database: /Users/aaronsedlacek/Desktop/ghidra_9.0.2/Ghidra/Features/Base/data/typeinfo/generic/generic_clib.gdt  
2019-05-05 17:41:58 DEBUG (PackedDatabaseCache) Using cached packed database: /Users/aaronsedlacek/Desktop/ghidra_9.0.2/Ghidra/Features/Base/data/typeinfo/generic/generic_clib.gdt  
2019-05-05 17:42:21 DEBUG (PackedDatabaseCache) Using cached packed database: /Users/aaronsedlacek/Desktop/ghidra_9.0.2/Ghidra/Features/Base/data/typeinfo/generic/generic_clib.gdt  
2019-05-05 17:42:32 INFO  (LoggingInitialization) Using log config file: jar:file:/Users/aaronsedlacek/Desktop/ghidra_9.0.2/Ghidra/Framework/Generic/lib/Generic.jar!/generic.log4j.xml  
2019-05-05 17:42:32 INFO  (LoggingInitialization) Using log file: /Users/aaronsedlacek/.ghidra/.ghidra-9.0.2/application.log  
2019-05-05 17:42:32 INFO  (Preferences) Loading user preferences: /Users/aaronsedlacek/.ghidra/.ghidra-9.0.2/preferences  
2019-05-05 17:42:35 INFO  (ClassSearcher) Class search complete (930 ms)  
2019-05-05 17:42:35 INFO  (SSLContextInitializer) Initializing SSL Context  
2019-05-05 17:42:35 INFO  (SecureRandomFactory) Initializing Random Number Generator...  
2019-05-05 17:42:35 INFO  (SecureRandomFactory) Random Number Generator initialization complete: NativePRNGNonBlocking  
2019-05-05 17:42:35 INFO  (ApplicationTrustManagerFactory) Trust manager disabled, cacerts have not been set  
2019-05-05 17:42:35 INFO  (GhidraRun) User aaronsedlacek started Ghidra.  
2019-05-05 17:42:36 DEBUG (RecoverySnapshotMgrPlugin) Recovery snapshot timer set to 5 minute(s)  
2019-05-05 17:42:36 INFO  (DefaultProject) Opening project: /Users/aaronsedlacek/sadfasdf  
2019-05-05 17:42:41 INFO  (PackedDatabaseCache) Packed database cache: /var/folders/3k/p_mwr49n4s341fzbzmdyjc5h0000gn/T/aaronsedlacek-Ghidra/packed-db-cache  
2019-05-05 17:42:41 DEBUG (PackedDatabaseCache) Using cached packed database: /Users/aaronsedlacek/Desktop/ghidra_9.0.2/Ghidra/Features/Base/data/typeinfo/generic/generic_clib.gdt  
2019-05-05 17:43:27 INFO  (LoggingInitialization) Using log config file: jar:file:/Users/aaronsedlacek/Desktop/ghidra_9.0.2/Ghidra/Framework/Generic/lib/Generic.jar!/generic.log4j.xml  
2019-05-05 17:43:27 INFO  (LoggingInitialization) Using log file: /Users/aaronsedlacek/.ghidra/.ghidra-9.0.2/application.log  
2019-05-05 17:43:27 INFO  (Preferences) Loading user preferences: /Users/aaronsedlacek/.ghidra/.ghidra-9.0.2/preferences  
2019-05-05 17:43:29 INFO  (ClassSearcher) Class search complete (953 ms)  
2019-05-05 17:43:29 INFO  (SSLContextInitializer) Initializing SSL Context  
2019-05-05 17:43:29 INFO  (SecureRandomFactory) Initializing Random Number Generator...  
2019-05-05 17:43:29 INFO  (SecureRandomFactory) Random Number Generator initialization complete: NativePRNGNonBlocking  
2019-05-05 17:43:29 INFO  (ApplicationTrustManagerFactory) Trust manager disabled, cacerts have not been set  
2019-05-05 17:43:29 INFO  (GhidraRun) User aaronsedlacek started Ghidra.  
2019-05-05 17:43:30 DEBUG (RecoverySnapshotMgrPlugin) Recovery snapshot timer set to 5 minute(s)  
2019-05-05 17:43:30 INFO  (DefaultProject) Opening project: /Users/aaronsedlacek/sadfasdf  
2019-05-05 17:43:48 INFO  (LoggingInitialization) Using log config file: jar:file:/Users/aaronsedlacek/Desktop/ghidra_9.0.2/Ghidra/Framework/Generic/lib/Generic.jar!/generic.log4j.xml  
2019-05-05 17:43:48 INFO  (LoggingInitialization) Using log file: /Users/aaronsedlacek/.ghidra/.ghidra-9.0.2/application.log  
2019-05-05 17:43:48 INFO  (Preferences) Loading user preferences: /Users/aaronsedlacek/.ghidra/.ghidra-9.0.2/preferences  
2019-05-05 17:43:50 INFO  (ClassSearcher) Class search complete (909 ms)  
2019-05-05 17:43:50 INFO  (SSLContextInitializer) Initializing SSL Context  
2019-05-05 17:43:50 INFO  (SecureRandomFactory) Initializing Random Number Generator...  
2019-05-05 17:43:50 INFO  (SecureRandomFactory) Random Number Generator initialization complete: NativePRNGNonBlocking  
2019-05-05 17:43:50 INFO  (ApplicationTrustManagerFactory) Trust manager disabled, cacerts have not been set  
2019-05-05 17:43:50 INFO  (GhidraRun) User aaronsedlacek started Ghidra.  
2019-05-05 17:43:51 DEBUG (RecoverySnapshotMgrPlugin) Recovery snapshot timer set to 5 minute(s)  
2019-05-05 17:43:52 INFO  (DefaultProject) Opening project: /Users/aaronsedlacek/sadfasdf  
2019-05-05 17:43:56 INFO  (PackedDatabaseCache) Packed database cache: /var/folders/3k/p_mwr49n4s341fzbzmdyjc5h0000gn/T/aaronsedlacek-Ghidra/packed-db-cache  
2019-05-05 17:43:56 DEBUG (PackedDatabaseCache) Using cached packed database: /Users/aaronsedlacek/Desktop/ghidra_9.0.2/Ghidra/Features/Base/data/typeinfo/generic/generic_clib.gdt  
2019-05-05 17:45:08 INFO  (LoggingInitialization) Using log config file: jar:file:/Users/aaronsedlacek/Desktop/ghidra_9.0.2/Ghidra/Framework/Generic/lib/Generic.jar!/generic.log4j.xml  
2019-05-05 17:45:08 INFO  (LoggingInitialization) Using log file: /Users/aaronsedlacek/.ghidra/.ghidra-9.0.2/application.log  
2019-05-05 17:45:08 INFO  (Preferences) Loading user preferences: /Users/aaronsedlacek/.ghidra/.ghidra-9.0.2/preferences  
2019-05-05 17:45:11 INFO  (ClassSearcher) Class search complete (933 ms)  
2019-05-05 17:45:11 INFO  (SSLContextInitializer) Initializing SSL Context  
2019-05-05 17:45:11 INFO  (SecureRandomFactory) Initializing Random Number Generator...  
2019-05-05 17:45:11 INFO  (SecureRandomFactory) Random Number Generator initialization complete: NativePRNGNonBlocking  
2019-05-05 17:45:11 INFO  (ApplicationTrustManagerFactory) Trust manager disabled, cacerts have not been set  
2019-05-05 17:45:11 INFO  (GhidraRun) User aaronsedlacek started Ghidra.  
2019-05-05 17:45:11 DEBUG (RecoverySnapshotMgrPlugin) Recovery snapshot timer set to 5 minute(s)  
2019-05-05 17:45:12 INFO  (DefaultProject) Opening project: /Users/aaronsedlacek/sadfasdf  
2019-05-05 17:45:13 INFO  (PackedDatabaseCache) Packed database cache: /var/folders/3k/p_mwr49n4s341fzbzmdyjc5h0000gn/T/aaronsedlacek-Ghidra/packed-db-cache  
2019-05-05 17:45:13 DEBUG (PackedDatabaseCache) Using cached packed database: /Users/aaronsedlacek/Desktop/ghidra_9.0.2/Ghidra/Features/Base/data/typeinfo/generic/generic_clib.gdt  
2019-05-05 17:46:26 INFO  (LoggingInitialization) Using log config file: jar:file:/Users/aaronsedlacek/Desktop/ghidra_9.0.2/Ghidra/Framework/Generic/lib/Generic.jar!/generic.log4j.xml  
2019-05-05 17:46:26 INFO  (LoggingInitialization) Using log file: /Users/aaronsedlacek/.ghidra/.ghidra-9.0.2/application.log  
2019-05-05 17:46:26 INFO  (Preferences) Loading user preferences: /Users/aaronsedlacek/.ghidra/.ghidra-9.0.2/preferences  
2019-05-05 17:46:29 INFO  (ClassSearcher) Class search complete (992 ms)  
2019-05-05 17:46:29 INFO  (SSLContextInitializer) Initializing SSL Context  
2019-05-05 17:46:29 INFO  (SecureRandomFactory) Initializing Random Number Generator...  
2019-05-05 17:46:29 INFO  (SecureRandomFactory) Random Number Generator initialization complete: NativePRNGNonBlocking  
2019-05-05 17:46:29 INFO  (ApplicationTrustManagerFactory) Trust manager disabled, cacerts have not been set  
2019-05-05 17:46:29 INFO  (GhidraRun) User aaronsedlacek started Ghidra.  
2019-05-05 17:46:30 DEBUG (RecoverySnapshotMgrPlugin) Recovery snapshot timer set to 5 minute(s)  
2019-05-05 17:46:30 INFO  (DefaultProject) Opening project: /Users/aaronsedlacek/sadfasdf  
2019-05-05 17:46:44 INFO  (LoggingInitialization) Using log config file: jar:file:/Users/aaronsedlacek/Desktop/ghidra_9.0.2/Ghidra/Framework/Generic/lib/Generic.jar!/generic.log4j.xml  
2019-05-05 17:46:44 INFO  (LoggingInitialization) Using log file: /Users/aaronsedlacek/.ghidra/.ghidra-9.0.2/application.log  
2019-05-05 17:46:44 INFO  (Preferences) Loading user preferences: /Users/aaronsedlacek/.ghidra/.ghidra-9.0.2/preferences  
2019-05-05 17:46:46 INFO  (ClassSearcher) Class search complete (977 ms)  
2019-05-05 17:46:46 INFO  (SSLContextInitializer) Initializing SSL Context  
2019-05-05 17:46:47 INFO  (SecureRandomFactory) Initializing Random Number Generator...  
2019-05-05 17:46:47 INFO  (SecureRandomFactory) Random Number Generator initialization complete: NativePRNGNonBlocking  
2019-05-05 17:46:47 INFO  (ApplicationTrustManagerFactory) Trust manager disabled, cacerts have not been set  
2019-05-05 17:46:47 INFO  (GhidraRun) User aaronsedlacek started Ghidra.  
2019-05-05 17:46:47 DEBUG (RecoverySnapshotMgrPlugin) Recovery snapshot timer set to 5 minute(s)  
2019-05-05 17:46:48 INFO  (DefaultProject) Opening project: /Users/aaronsedlacek/sadfasdf  
2019-05-05 17:46:52 INFO  (PackedDatabaseCache) Packed database cache: /var/folders/3k/p_mwr49n4s341fzbzmdyjc5h0000gn/T/aaronsedlacek-Ghidra/packed-db-cache  
2019-05-05 17:46:52 DEBUG (PackedDatabaseCache) Using cached packed database: /Users/aaronsedlacek/Desktop/ghidra_9.0.2/Ghidra/Features/Base/data/typeinfo/generic/generic_clib.gdt  
2019-05-05 17:54:05 INFO  (LoggingInitialization) Using log config file: jar:file:/Users/aaronsedlacek/Desktop/ghidra_9.0.2/Ghidra/Framework/Generic/lib/Generic.jar!/generic.log4j.xml  
2019-05-05 17:54:05 INFO  (LoggingInitialization) Using log file: /Users/aaronsedlacek/.ghidra/.ghidra-9.0.2/application.log  
2019-05-05 17:54:05 INFO  (Preferences) Loading user preferences: /Users/aaronsedlacek/.ghidra/.ghidra-9.0.2/preferences  
2019-05-05 17:54:09 INFO  (ClassSearcher) Class search complete (1311 ms)  
2019-05-05 17:54:09 INFO  (SSLContextInitializer) Initializing SSL Context  
2019-05-05 17:54:09 INFO  (SecureRandomFactory) Initializing Random Number Generator...  
2019-05-05 17:54:09 INFO  (SecureRandomFactory) Random Number Generator initialization complete: NativePRNGNonBlocking  
2019-05-05 17:54:09 INFO  (ApplicationTrustManagerFactory) Trust manager disabled, cacerts have not been set  
2019-05-05 17:54:09 INFO  (GhidraRun) User aaronsedlacek started Ghidra.  
2019-05-05 17:54:10 DEBUG (RecoverySnapshotMgrPlugin) Recovery snapshot timer set to 5 minute(s)  
2019-05-05 17:54:10 INFO  (DefaultProject) Opening project: /Users/aaronsedlacek/sadfasdf  
2019-05-05 17:54:16 INFO  (PackedDatabaseCache) Packed database cache: /var/folders/3k/p_mwr49n4s341fzbzmdyjc5h0000gn/T/aaronsedlacek-Ghidra/packed-db-cache  
2019-05-05 17:54:16 DEBUG (PackedDatabaseCache) Using cached packed database: /Users/aaronsedlacek/Desktop/ghidra_9.0.2/Ghidra/Features/Base/data/typeinfo/generic/generic_clib.gdt  
2019-05-05 17:54:26 INFO  (LoggingInitialization) Using log config file: jar:file:/Users/aaronsedlacek/Desktop/ghidra_9.0.2/Ghidra/Framework/Generic/lib/Generic.jar!/generic.log4j.xml  
2019-05-05 17:54:26 INFO  (LoggingInitialization) Using log file: /Users/aaronsedlacek/.ghidra/.ghidra-9.0.2/application.log  
2019-05-05 17:54:26 INFO  (Preferences) Loading user preferences: /Users/aaronsedlacek/.ghidra/.ghidra-9.0.2/preferences  
2019-05-05 17:54:29 INFO  (ClassSearcher) Class search complete (1142 ms)  
2019-05-05 17:54:29 INFO  (SSLContextInitializer) Initializing SSL Context  
2019-05-05 17:54:29 INFO  (SecureRandomFactory) Initializing Random Number Generator...  
2019-05-05 17:54:29 INFO  (SecureRandomFactory) Random Number Generator initialization complete: NativePRNGNonBlocking  
2019-05-05 17:54:29 INFO  (ApplicationTrustManagerFactory) Trust manager disabled, cacerts have not been set  
2019-05-05 17:54:29 INFO  (GhidraRun) User aaronsedlacek started Ghidra.  
2019-05-05 17:54:30 DEBUG (RecoverySnapshotMgrPlugin) Recovery snapshot timer set to 5 minute(s)  
2019-05-05 17:54:31 INFO  (DefaultProject) Opening project: /Users/aaronsedlacek/sadfasdf  
2019-05-05 17:54:33 INFO  (PackedDatabaseCache) Packed database cache: /var/folders/3k/p_mwr49n4s341fzbzmdyjc5h0000gn/T/aaronsedlacek-Ghidra/packed-db-cache  
2019-05-05 17:54:33 DEBUG (PackedDatabaseCache) Using cached packed database: /Users/aaronsedlacek/Desktop/ghidra_9.0.2/Ghidra/Features/Base/data/typeinfo/generic/generic_clib.gdt  
2019-05-05 17:54:36 DEBUG (PackedDatabaseCache) Using cached packed database: /Users/aaronsedlacek/Desktop/ghidra_9.0.2/Ghidra/Features/Base/data/typeinfo/generic/generic_clib.gdt  
2019-05-05 17:57:43 INFO  (LoggingInitialization) Using log config file: jar:file:/Users/aaronsedlacek/Desktop/ghidra_9.0.2/Ghidra/Framework/Generic/lib/Generic.jar!/generic.log4j.xml  
2019-05-05 17:57:43 INFO  (LoggingInitialization) Using log file: /Users/aaronsedlacek/.ghidra/.ghidra-9.0.2/application.log  
2019-05-05 17:57:43 INFO  (Preferences) Loading user preferences: /Users/aaronsedlacek/.ghidra/.ghidra-9.0.2/preferences  
2019-05-05 17:57:46 INFO  (ClassSearcher) Class search complete (1052 ms)  
2019-05-05 17:57:46 INFO  (SSLContextInitializer) Initializing SSL Context  
2019-05-05 17:57:46 INFO  (SecureRandomFactory) Initializing Random Number Generator...  
2019-05-05 17:57:46 INFO  (SecureRandomFactory) Random Number Generator initialization complete: NativePRNGNonBlocking  
2019-05-05 17:57:46 INFO  (ApplicationTrustManagerFactory) Trust manager disabled, cacerts have not been set  
2019-05-05 17:57:46 INFO  (GhidraRun) User aaronsedlacek started Ghidra.  
2019-05-05 17:57:47 DEBUG (RecoverySnapshotMgrPlugin) Recovery snapshot timer set to 5 minute(s)  
2019-05-05 17:57:48 INFO  (DefaultProject) Opening project: /Users/aaronsedlacek/sadfasdf  
2019-05-05 17:57:53 INFO  (PackedDatabaseCache) Packed database cache: /var/folders/3k/p_mwr49n4s341fzbzmdyjc5h0000gn/T/aaronsedlacek-Ghidra/packed-db-cache  
2019-05-05 17:57:53 DEBUG (PackedDatabaseCache) Using cached packed database: /Users/aaronsedlacek/Desktop/ghidra_9.0.2/Ghidra/Features/Base/data/typeinfo/generic/generic_clib.gdt  
2019-05-05 17:58:30 INFO  (LoggingInitialization) Using log config file: jar:file:/Users/aaronsedlacek/Desktop/ghidra_9.0.2/Ghidra/Framework/Generic/lib/Generic.jar!/generic.log4j.xml  
2019-05-05 17:58:30 INFO  (LoggingInitialization) Using log file: /Users/aaronsedlacek/.ghidra/.ghidra-9.0.2/application.log  
2019-05-05 17:58:30 INFO  (Preferences) Loading user preferences: /Users/aaronsedlacek/.ghidra/.ghidra-9.0.2/preferences  
2019-05-05 17:58:33 INFO  (ClassSearcher) Class search complete (1270 ms)  
2019-05-05 17:58:33 INFO  (SSLContextInitializer) Initializing SSL Context  
2019-05-05 17:58:33 INFO  (SecureRandomFactory) Initializing Random Number Generator...  
2019-05-05 17:58:33 INFO  (SecureRandomFactory) Random Number Generator initialization complete: NativePRNGNonBlocking  
2019-05-05 17:58:33 INFO  (ApplicationTrustManagerFactory) Trust manager disabled, cacerts have not been set  
2019-05-05 17:58:33 INFO  (GhidraRun) User aaronsedlacek started Ghidra.  
2019-05-05 17:58:34 DEBUG (RecoverySnapshotMgrPlugin) Recovery snapshot timer set to 5 minute(s)  
2019-05-05 17:58:34 INFO  (DefaultProject) Opening project: /Users/aaronsedlacek/sadfasdf  
2019-05-05 17:58:38 INFO  (PackedDatabaseCache) Packed database cache: /var/folders/3k/p_mwr49n4s341fzbzmdyjc5h0000gn/T/aaronsedlacek-Ghidra/packed-db-cache  
2019-05-05 17:58:38 DEBUG (PackedDatabaseCache) Using cached packed database: /Users/aaronsedlacek/Desktop/ghidra_9.0.2/Ghidra/Features/Base/data/typeinfo/generic/generic_clib.gdt  
2019-05-05 17:58:54 DEBUG (PackedDatabaseCache) Using cached packed database: /Users/aaronsedlacek/Desktop/ghidra_9.0.2/Ghidra/Features/Base/data/typeinfo/generic/generic_clib.gdt  
2019-05-05 18:14:29 INFO  (LoggingInitialization) Using log config file: jar:file:/Users/aaronsedlacek/Desktop/ghidra_9.0.2/Ghidra/Framework/Generic/lib/Generic.jar!/generic.log4j.xml  
2019-05-05 18:14:29 INFO  (LoggingInitialization) Using log file: /Users/aaronsedlacek/.ghidra/.ghidra-9.0.2/application.log  
2019-05-05 18:14:29 INFO  (Preferences) Loading user preferences: /Users/aaronsedlacek/.ghidra/.ghidra-9.0.2/preferences  
2019-05-05 18:14:32 INFO  (ClassSearcher) Class search complete (1248 ms)  
2019-05-05 18:14:32 INFO  (SSLContextInitializer) Initializing SSL Context  
2019-05-05 18:14:32 INFO  (SecureRandomFactory) Initializing Random Number Generator...  
2019-05-05 18:14:32 INFO  (SecureRandomFactory) Random Number Generator initialization complete: NativePRNGNonBlocking  
2019-05-05 18:14:32 INFO  (ApplicationTrustManagerFactory) Trust manager disabled, cacerts have not been set  
2019-05-05 18:14:32 INFO  (GhidraRun) User aaronsedlacek started Ghidra.  
2019-05-05 18:14:33 DEBUG (RecoverySnapshotMgrPlugin) Recovery snapshot timer set to 5 minute(s)  
2019-05-05 18:14:33 INFO  (DefaultProject) Opening project: /Users/aaronsedlacek/sadfasdf  
2019-05-05 18:14:38 INFO  (PackedDatabaseCache) Packed database cache: /var/folders/3k/p_mwr49n4s341fzbzmdyjc5h0000gn/T/aaronsedlacek-Ghidra/packed-db-cache  
2019-05-05 18:14:38 DEBUG (PackedDatabaseCache) Using cached packed database: /Users/aaronsedlacek/Desktop/ghidra_9.0.2/Ghidra/Features/Base/data/typeinfo/generic/generic_clib.gdt  
2019-05-05 18:26:51 INFO  (LoggingInitialization) Using log config file: jar:file:/Users/aaronsedlacek/Desktop/ghidra_9.0.2/Ghidra/Framework/Generic/lib/Generic.jar!/generic.log4j.xml  
2019-05-05 18:26:51 INFO  (LoggingInitialization) Using log file: /Users/aaronsedlacek/.ghidra/.ghidra-9.0.2/application.log  
2019-05-05 18:26:51 INFO  (Preferences) Loading user preferences: /Users/aaronsedlacek/.ghidra/.ghidra-9.0.2/preferences  
2019-05-05 18:26:54 INFO  (ClassSearcher) Class search complete (1325 ms)  
2019-05-05 18:26:54 INFO  (SSLContextInitializer) Initializing SSL Context  
2019-05-05 18:26:54 INFO  (SecureRandomFactory) Initializing Random Number Generator...  
2019-05-05 18:26:54 INFO  (SecureRandomFactory) Random Number Generator initialization complete: NativePRNGNonBlocking  
2019-05-05 18:26:54 INFO  (ApplicationTrustManagerFactory) Trust manager disabled, cacerts have not been set  
2019-05-05 18:26:54 INFO  (GhidraRun) User aaronsedlacek started Ghidra.  
2019-05-05 18:26:55 DEBUG (RecoverySnapshotMgrPlugin) Recovery snapshot timer set to 5 minute(s)  
2019-05-05 18:26:55 INFO  (DefaultProject) Opening project: /Users/aaronsedlacek/sadfasdf  
2019-05-05 18:27:07 INFO  (PackedDatabaseCache) Packed database cache: /var/folders/3k/p_mwr49n4s341fzbzmdyjc5h0000gn/T/aaronsedlacek-Ghidra/packed-db-cache  
2019-05-05 18:27:07 DEBUG (PackedDatabaseCache) Using cached packed database: /Users/aaronsedlacek/Desktop/ghidra_9.0.2/Ghidra/Features/Base/data/typeinfo/generic/generic_clib.gdt  
2019-05-05 18:34:53 INFO  (LoggingInitialization) Using log config file: jar:file:/Users/aaronsedlacek/Desktop/ghidra_9.0.2/Ghidra/Framework/Generic/lib/Generic.jar!/generic.log4j.xml  
2019-05-05 18:34:53 INFO  (LoggingInitialization) Using log file: /Users/aaronsedlacek/.ghidra/.ghidra-9.0.2/application.log  
2019-05-05 18:34:53 INFO  (Preferences) Loading user preferences: /Users/aaronsedlacek/.ghidra/.ghidra-9.0.2/preferences  
2019-05-05 18:34:56 INFO  (ClassSearcher) Class search complete (1114 ms)  
2019-05-05 18:34:56 INFO  (SSLContextInitializer) Initializing SSL Context  
2019-05-05 18:34:56 INFO  (SecureRandomFactory) Initializing Random Number Generator...  
2019-05-05 18:34:56 INFO  (SecureRandomFactory) Random Number Generator initialization complete: NativePRNGNonBlocking  
2019-05-05 18:34:56 INFO  (ApplicationTrustManagerFactory) Trust manager disabled, cacerts have not been set  
2019-05-05 18:34:56 INFO  (GhidraRun) User aaronsedlacek started Ghidra.  
2019-05-05 18:34:57 DEBUG (RecoverySnapshotMgrPlugin) Recovery snapshot timer set to 5 minute(s)  
2019-05-05 18:34:57 INFO  (DefaultProject) Opening project: /Users/aaronsedlacek/sadfasdf  
2019-05-05 18:34:59 INFO  (PackedDatabaseCache) Packed database cache: /var/folders/3k/p_mwr49n4s341fzbzmdyjc5h0000gn/T/aaronsedlacek-Ghidra/packed-db-cache  
2019-05-05 18:34:59 DEBUG (PackedDatabaseCache) Using cached packed database: /Users/aaronsedlacek/Desktop/ghidra_9.0.2/Ghidra/Features/Base/data/typeinfo/generic/generic_clib.gdt  
2019-05-05 18:45:43 INFO  (LoggingInitialization) Using log config file: jar:file:/Users/aaronsedlacek/Desktop/ghidra_9.0.2/Ghidra/Framework/Generic/lib/Generic.jar!/generic.log4j.xml  
2019-05-05 18:45:43 INFO  (LoggingInitialization) Using log file: /Users/aaronsedlacek/.ghidra/.ghidra-9.0.2/application.log  
2019-05-05 18:45:43 INFO  (Preferences) Loading user preferences: /Users/aaronsedlacek/.ghidra/.ghidra-9.0.2/preferences  
2019-05-05 18:45:46 INFO  (ClassSearcher) Class search complete (1082 ms)  
2019-05-05 18:45:46 INFO  (SSLContextInitializer) Initializing SSL Context  
2019-05-05 18:45:46 INFO  (SecureRandomFactory) Initializing Random Number Generator...  
2019-05-05 18:45:46 INFO  (SecureRandomFactory) Random Number Generator initialization complete: NativePRNGNonBlocking  
2019-05-05 18:45:46 INFO  (ApplicationTrustManagerFactory) Trust manager disabled, cacerts have not been set  
2019-05-05 18:45:46 INFO  (GhidraRun) User aaronsedlacek started Ghidra.  
2019-05-05 18:45:47 DEBUG (RecoverySnapshotMgrPlugin) Recovery snapshot timer set to 5 minute(s)  
2019-05-05 18:45:47 INFO  (DefaultProject) Opening project: /Users/aaronsedlacek/sadfasdf  
2019-05-05 18:45:52 INFO  (PackedDatabaseCache) Packed database cache: /var/folders/3k/p_mwr49n4s341fzbzmdyjc5h0000gn/T/aaronsedlacek-Ghidra/packed-db-cache  
2019-05-05 18:45:52 DEBUG (PackedDatabaseCache) Using cached packed database: /Users/aaronsedlacek/Desktop/ghidra_9.0.2/Ghidra/Features/Base/data/typeinfo/generic/generic_clib.gdt  
2019-05-05 18:51:41 INFO  (LoggingInitialization) Using log config file: jar:file:/Users/aaronsedlacek/Desktop/ghidra_9.0.2/Ghidra/Framework/Generic/lib/Generic.jar!/generic.log4j.xml  
2019-05-05 18:51:41 INFO  (LoggingInitialization) Using log file: /Users/aaronsedlacek/.ghidra/.ghidra-9.0.2/application.log  
2019-05-05 18:51:41 INFO  (Preferences) Loading user preferences: /Users/aaronsedlacek/.ghidra/.ghidra-9.0.2/preferences  
2019-05-05 18:51:44 INFO  (ClassSearcher) Class search complete (1010 ms)  
2019-05-05 18:51:44 INFO  (SSLContextInitializer) Initializing SSL Context  
2019-05-05 18:51:44 INFO  (SecureRandomFactory) Initializing Random Number Generator...  
2019-05-05 18:51:44 INFO  (SecureRandomFactory) Random Number Generator initialization complete: NativePRNGNonBlocking  
2019-05-05 18:51:44 INFO  (ApplicationTrustManagerFactory) Trust manager disabled, cacerts have not been set  
2019-05-05 18:51:44 INFO  (GhidraRun) User aaronsedlacek started Ghidra.  
2019-05-05 18:51:45 DEBUG (RecoverySnapshotMgrPlugin) Recovery snapshot timer set to 5 minute(s)  
2019-05-05 18:51:45 INFO  (DefaultProject) Opening project: /Users/aaronsedlacek/sadfasdf  
2019-05-05 18:51:47 INFO  (PackedDatabaseCache) Packed database cache: /var/folders/3k/p_mwr49n4s341fzbzmdyjc5h0000gn/T/aaronsedlacek-Ghidra/packed-db-cache  
2019-05-05 18:51:47 DEBUG (PackedDatabaseCache) Using cached packed database: /Users/aaronsedlacek/Desktop/ghidra_9.0.2/Ghidra/Features/Base/data/typeinfo/generic/generic_clib.gdt  
2019-05-05 20:01:47 INFO  (RecoveryMgr) Sun May 05 20:01:47 EDT 2019 Recovery snapshot created: /Users/aaronsedlacek/sadfasdf.rep/idata/00/~00000000.db/snapshotA.grf  
2019-05-05 20:02:33 INFO  (DialogManager) Successfully exported CodeBrowserDarkNight to /Users/aaronsedlacek/Desktop/Hacking/dotfiles/starlight.tool  
